TN:
SF:lib\handlers\shared\index.ts
FN:1,(empty-report)
FNF:1
FNH:0
FNDA:0,(empty-report)
DA:1,0
DA:2,0
DA:3,0
DA:4,0
DA:5,0
DA:6,0
DA:7,0
DA:8,0
DA:9,0
LF:9
LH:0
BRDA:1,0,0,0
BRF:1
BRH:0
end_of_record
TN:
SF:lib\handlers\shared\types.ts
FN:1,(empty-report)
FNF:1
FNH:0
FNDA:0,(empty-report)
DA:1,0
DA:2,0
DA:3,0
DA:4,0
DA:5,0
DA:6,0
DA:7,0
DA:8,0
DA:9,0
DA:10,0
DA:11,0
DA:12,0
DA:13,0
DA:14,0
DA:15,0
DA:16,0
DA:17,0
DA:18,0
DA:19,0
DA:20,0
DA:21,0
DA:22,0
DA:23,0
DA:24,0
DA:25,0
DA:26,0
DA:27,0
DA:28,0
DA:29,0
DA:30,0
DA:31,0
DA:32,0
DA:33,0
DA:34,0
DA:35,0
DA:36,0
DA:37,0
DA:38,0
DA:39,0
DA:40,0
DA:41,0
DA:42,0
DA:43,0
DA:44,0
DA:45,0
DA:46,0
DA:47,0
DA:48,0
DA:49,0
DA:50,0
DA:51,0
DA:52,0
DA:53,0
DA:54,0
DA:55,0
DA:56,0
DA:57,0
DA:58,0
DA:59,0
DA:60,0
DA:61,0
DA:62,0
DA:63,0
DA:64,0
DA:65,0
DA:66,0
DA:67,0
DA:68,0
DA:69,0
DA:70,0
DA:71,0
DA:72,0
DA:73,0
DA:74,0
DA:75,0
DA:76,0
DA:77,0
DA:78,0
DA:79,0
DA:80,0
DA:81,0
DA:82,0
DA:83,0
DA:84,0
DA:85,0
DA:86,0
DA:87,0
DA:88,0
DA:89,0
DA:90,0
DA:91,0
DA:92,0
DA:93,0
DA:94,0
DA:95,0
DA:96,0
DA:97,0
DA:98,0
DA:99,0
DA:100,0
DA:101,0
DA:102,0
DA:103,0
DA:104,0
DA:105,0
DA:106,0
DA:107,0
DA:108,0
DA:109,0
DA:110,0
DA:111,0
DA:112,0
DA:113,0
DA:114,0
DA:115,0
DA:116,0
DA:117,0
DA:118,0
DA:119,0
DA:120,0
DA:121,0
LF:121
LH:0
BRDA:1,0,0,0
BRF:1
BRH:0
end_of_record
TN:
SF:lib\handlers\shared\access\contracts.ts
FN:1,(empty-report)
FNF:1
FNH:0
FNDA:0,(empty-report)
DA:1,0
DA:2,0
DA:3,0
DA:4,0
DA:5,0
DA:6,0
DA:7,0
DA:8,0
DA:9,0
DA:10,0
DA:11,0
DA:12,0
DA:13,0
DA:14,0
DA:15,0
DA:16,0
DA:17,0
DA:18,0
LF:18
LH:0
BRDA:1,0,0,0
BRF:1
BRH:0
end_of_record
TN:
SF:lib\handlers\shared\access\index.ts
FN:1,(empty-report)
FNF:1
FNH:0
FNDA:0,(empty-report)
DA:1,0
DA:2,0
LF:2
LH:0
BRDA:1,0,0,0
BRF:1
BRH:0
end_of_record
TN:
SF:lib\handlers\shared\access\types.ts
FN:1,(empty-report)
FNF:1
FNH:0
FNDA:0,(empty-report)
DA:1,0
DA:2,0
DA:3,0
DA:4,0
DA:5,0
DA:6,0
DA:7,0
DA:8,0
DA:9,0
DA:10,0
DA:11,0
DA:12,0
DA:13,0
DA:14,0
DA:15,0
DA:16,0
DA:17,0
DA:18,0
DA:19,0
DA:20,0
DA:21,0
DA:22,0
DA:23,0
DA:24,0
DA:25,0
DA:26,0
DA:27,0
DA:28,0
DA:29,0
DA:30,0
DA:31,0
DA:32,0
DA:33,0
DA:34,0
DA:35,0
DA:36,0
DA:37,0
DA:38,0
DA:39,0
DA:40,0
DA:41,0
DA:42,0
DA:43,0
DA:44,0
DA:45,0
DA:46,0
DA:47,0
DA:48,0
DA:49,0
DA:50,0
DA:51,0
DA:52,0
DA:53,0
DA:54,0
DA:55,0
DA:56,0
DA:57,0
LF:57
LH:0
BRDA:1,0,0,0
BRF:1
BRH:0
end_of_record
TN:
SF:lib\handlers\shared\config\env.ts
FN:1,__name
FN:1,__export
FN:1,__copyProps
FN:1,get
FN:1,__toCommonJS
FN:1,getAdminFrontendUrl
FN:1,getAuditLogsTableName
FN:1,getEntryLogsTableName
FN:1,getFrontendUrl
FN:1,getIdentityProvider
FN:1,getMainTableName
FN:1,getPaymentProvider
FN:1,getStripeSecretKey
FN:1,getStripeSecretKeySsmPath
FN:1,getStripeWebhookSecret
FN:1,getStripeWebhookSecretSsmPath
FN:1,getUserPoolClientId
FN:1,getUserPoolId
FN:1,getMainTableName
FN:7,getEntryLogsTableName
FN:13,getAuditLogsTableName
FN:19,getUserPoolId
FN:25,getUserPoolClientId
FN:31,getStripeSecretKey
FN:37,getStripeWebhookSecret
FN:43,getStripeSecretKeySsmPath
FN:47,getStripeWebhookSecretSsmPath
FN:51,getPaymentProvider
FN:55,getIdentityProvider
FN:59,getFrontendUrl
FN:63,getAdminFrontendUrl
FNF:31
FNH:9
FNDA:52,__name
FNDA:4,__export
FNDA:4,__copyProps
FNDA:6,get
FNDA:4,__toCommonJS
FNDA:0,getAdminFrontendUrl
FNDA:0,getAuditLogsTableName
FNDA:0,getEntryLogsTableName
FNDA:0,getFrontendUrl
FNDA:0,getIdentityProvider
FNDA:0,getMainTableName
FNDA:0,getPaymentProvider
FNDA:0,getStripeSecretKey
FNDA:0,getStripeSecretKeySsmPath
FNDA:0,getStripeWebhookSecret
FNDA:0,getStripeWebhookSecretSsmPath
FNDA:3,getUserPoolClientId
FNDA:3,getUserPoolId
FNDA:0,getMainTableName
FNDA:0,getEntryLogsTableName
FNDA:0,getAuditLogsTableName
FNDA:3,getUserPoolId
FNDA:3,getUserPoolClientId
FNDA:0,getStripeSecretKey
FNDA:0,getStripeWebhookSecret
FNDA:0,getStripeSecretKeySsmPath
FNDA:0,getStripeWebhookSecretSsmPath
FNDA:0,getPaymentProvider
FNDA:0,getIdentityProvider
FNDA:0,getFrontendUrl
FNDA:0,getAdminFrontendUrl
DA:1,1
DA:2,0
DA:3,0
DA:4,0
DA:5,0
DA:6,1
DA:7,1
DA:8,0
DA:9,0
DA:10,0
DA:11,0
DA:12,1
DA:13,1
DA:14,0
DA:15,0
DA:16,0
DA:17,0
DA:18,1
DA:19,1
DA:20,3
DA:21,3
DA:22,3
DA:23,3
DA:24,1
DA:25,1
DA:26,3
DA:27,3
DA:28,3
DA:29,3
DA:30,1
DA:31,1
DA:32,0
DA:33,0
DA:34,0
DA:35,0
DA:36,1
DA:37,1
DA:38,0
DA:39,0
DA:40,0
DA:41,0
DA:42,1
DA:43,1
DA:44,0
DA:45,0
DA:46,1
DA:47,1
DA:48,0
DA:49,0
DA:50,1
DA:51,1
DA:52,0
DA:53,0
DA:54,1
DA:55,1
DA:56,0
DA:57,0
DA:58,1
DA:59,1
DA:60,0
DA:61,0
DA:62,1
DA:63,1
DA:64,0
DA:65,0
LF:65
LH:33
BRDA:63,0,0,0
BRDA:1,1,0,52
BRDA:1,2,0,4
BRDA:1,3,0,52
BRDA:1,4,0,4
BRDA:1,5,0,0
BRDA:1,6,0,52
BRDA:1,7,0,6
BRDA:1,8,0,4
BRDA:1,9,0,3
BRDA:1,10,0,3
BRDA:19,11,0,3
BRDA:21,12,0,0
BRDA:25,13,0,3
BRDA:27,14,0,0
BRF:15
BRH:11
end_of_record
TN:
SF:lib\handlers\shared\config\index.ts
FN:1,__copyProps
FN:1,get
FN:1,__reExport
FN:1,__toCommonJS
FNF:4
FNH:4
FNDA:12,__copyProps
FNDA:6,get
FNDA:4,__reExport
FNDA:4,__toCommonJS
DA:1,1
LF:1
LH:1
BRDA:1,0,0,0
BRDA:1,1,0,12
BRDA:1,2,0,0
BRDA:1,3,0,112
BRDA:1,4,0,108
BRDA:1,5,0,108
BRDA:1,6,0,6
BRDA:1,7,0,4
BRDA:1,8,0,4
BRF:9
BRH:7
end_of_record
TN:
SF:lib\handlers\shared\crypto\hash-helpers.ts
FN:1,__name
FN:1,__export
FN:1,__copyProps
FN:1,get
FN:1,__toCommonJS
FN:1,hashApiKey
FN:1,signQrPayload
FN:4,hashApiKey
FN:9,signQrPayload
FNF:9
FNH:7
FNDA:8,__name
FNDA:4,__export
FNDA:4,__copyProps
FNDA:2,get
FNDA:4,__toCommonJS
FNDA:0,hashApiKey
FNDA:2,signQrPayload
FNDA:0,hashApiKey
FNDA:1,signQrPayload
DA:1,1
DA:2,1
DA:3,1
DA:4,1
DA:5,0
DA:6,0
DA:7,1
DA:8,1
DA:9,1
DA:10,1
DA:11,1
LF:11
LH:9
BRDA:9,0,0,0
BRDA:1,1,0,8
BRDA:1,2,0,4
BRDA:1,3,0,8
BRDA:1,4,0,4
BRDA:1,5,0,0
BRDA:1,6,0,8
BRDA:1,7,0,2
BRDA:1,8,0,4
BRDA:1,9,0,2
BRDA:9,10,0,1
BRF:11
BRH:9
end_of_record
TN:
SF:lib\handlers\shared\crypto\index.ts
FN:1,__copyProps
FN:1,get
FN:1,__reExport
FN:1,__toCommonJS
FNF:4
FNH:4
FNDA:12,__copyProps
FNDA:2,get
FNDA:4,__reExport
FNDA:4,__toCommonJS
DA:1,1
LF:1
LH:1
BRDA:1,0,0,0
BRDA:1,1,0,12
BRDA:1,2,0,0
BRDA:1,3,0,24
BRDA:1,4,0,20
BRDA:1,5,0,20
BRDA:1,6,0,2
BRDA:1,7,0,4
BRDA:1,8,0,4
BRF:9
BRH:7
end_of_record
TN:
SF:lib\handlers\shared\database\client.ts
FN:1,__export
FN:1,__copyProps
FN:1,get
FN:1,__toCommonJS
FN:1,ddb
FNF:5
FNH:5
FNDA:3,__export
FNDA:3,__copyProps
FNDA:1,get
FNDA:3,__toCommonJS
FNDA:1,ddb
DA:1,1
DA:2,1
DA:3,1
DA:4,1
DA:5,1
DA:6,1
DA:7,1
DA:8,1
DA:9,1
DA:10,1
LF:10
LH:10
BRDA:10,0,0,0
BRDA:1,1,0,3
BRDA:1,2,0,3
BRDA:1,3,0,0
BRDA:1,4,0,1
BRDA:1,5,0,3
BRDA:1,6,0,1
BRF:7
BRH:5
end_of_record
TN:
SF:lib\handlers\shared\database\helpers.ts
FN:1,__name
FN:1,__export
FN:1,__copyProps
FN:1,get
FN:1,__toCommonJS
FN:1,getConfigItem
FN:1,getDeviceByApiKey
FN:1,getScannerByApiKey
FN:1,getScannerById
FN:1,getUserProfile
FN:1,getUserSubscription
FN:7,getUserProfile
FN:18,getUserSubscription
FN:33,getDeviceByApiKey
FN:46,getScannerByApiKey
FN:60,getScannerById
FN:74,getConfigItem
FNF:17
FNH:4
FNDA:18,__name
FNDA:3,__export
FNDA:3,__copyProps
FNDA:0,get
FNDA:3,__toCommonJS
FNDA:0,getConfigItem
FNDA:0,getDeviceByApiKey
FNDA:0,getScannerByApiKey
FNDA:0,getScannerById
FNDA:0,getUserProfile
FNDA:0,getUserSubscription
FNDA:0,getUserProfile
FNDA:0,getUserSubscription
FNDA:0,getDeviceByApiKey
FNDA:0,getScannerByApiKey
FNDA:0,getScannerById
FNDA:0,getConfigItem
DA:1,1
DA:2,1
DA:3,1
DA:4,1
DA:5,1
DA:6,1
DA:7,0
DA:8,0
DA:9,0
DA:10,0
DA:11,0
DA:12,0
DA:13,0
DA:14,0
DA:15,0
DA:16,1
DA:17,1
DA:18,0
DA:19,0
DA:20,0
DA:21,0
DA:22,0
DA:23,0
DA:24,0
DA:25,0
DA:26,0
DA:27,0
DA:28,0
DA:29,0
DA:30,0
DA:31,1
DA:32,1
DA:33,0
DA:34,0
DA:35,0
DA:36,0
DA:37,0
DA:38,0
DA:39,0
DA:40,0
DA:41,0
DA:42,0
DA:43,0
DA:44,1
DA:45,1
DA:46,0
DA:47,0
DA:48,0
DA:49,0
DA:50,0
DA:51,0
DA:52,0
DA:53,0
DA:54,0
DA:55,0
DA:56,0
DA:57,0
DA:58,1
DA:59,1
DA:60,0
DA:61,0
DA:62,0
DA:63,0
DA:64,0
DA:65,0
DA:66,0
DA:67,0
DA:68,0
DA:69,0
DA:70,0
DA:71,0
DA:72,1
DA:73,1
DA:74,0
DA:75,0
DA:76,0
DA:77,0
DA:78,0
DA:79,0
DA:80,0
DA:81,0
DA:82,0
LF:82
LH:16
BRDA:74,0,0,0
BRDA:1,1,0,18
BRDA:1,2,0,3
BRDA:1,3,0,18
BRDA:1,4,0,3
BRDA:1,5,0,0
BRDA:1,6,0,18
BRDA:1,7,0,3
BRF:8
BRH:6
end_of_record
TN:
SF:lib\handlers\shared\database\index.ts
FN:1,__copyProps
FN:1,get
FN:1,__reExport
FN:1,__toCommonJS
FNF:4
FNH:4
FNDA:15,__copyProps
FNDA:1,get
FNDA:6,__reExport
FNDA:3,__toCommonJS
DA:1,1
DA:2,1
LF:2
LH:2
BRDA:1,0,0,0
BRDA:1,1,0,15
BRDA:1,2,0,0
BRDA:1,3,0,54
BRDA:1,4,0,45
BRDA:1,5,0,45
BRDA:1,6,0,1
BRDA:1,7,0,6
BRDA:1,8,0,3
BRF:9
BRH:7
end_of_record
TN:
SF:lib\handlers\shared\http\index.ts
FN:1,__copyProps
FN:1,get
FN:1,__reExport
FN:1,__toCommonJS
FNF:4
FNH:4
FNDA:9,__copyProps
FNDA:7,get
FNDA:3,__reExport
FNDA:3,__toCommonJS
DA:1,1
LF:1
LH:1
BRDA:1,0,0,0
BRDA:1,1,0,9
BRDA:1,2,0,0
BRDA:1,3,0,72
BRDA:1,4,0,69
BRDA:1,5,0,69
BRDA:1,6,0,7
BRDA:1,7,0,3
BRDA:1,8,0,3
BRF:9
BRH:7
end_of_record
TN:
SF:lib\handlers\shared\http\middleware.ts
FN:1,__name
FN:1,__export
FN:1,__copyProps
FN:1,get
FN:1,__toCommonJS
FN:1,BadRequestError
FN:1,ConflictError
FN:1,ForbiddenError
FN:1,HttpError
FN:1,NotFoundError
FN:1,UnauthorizedError
FN:1,ValidationError
FN:1,assertAdmin
FN:1,extractJwtClaims
FN:1,parseJsonBody
FN:1,withHandler
FN:4,HttpError
FN:5,<instance_members_initializer>
FN:1,<static_initializer>
FN:1,<static_initializer>
FN:14,BadRequestError
FN:1,<static_initializer>
FN:21,ValidationError
FN:1,<static_initializer>
FN:28,UnauthorizedError
FN:1,<static_initializer>
FN:35,ForbiddenError
FN:1,<static_initializer>
FN:42,NotFoundError
FN:1,<static_initializer>
FN:49,ConflictError
FN:64,withHandler
FN:105,parseJsonBody
FN:115,extractJwtClaims
FN:145,normaliseGroups
FN:160,assertAdmin
FNF:36
FNH:20
FNDA:36,__name
FNDA:3,__export
FNDA:3,__copyProps
FNDA:7,get
FNDA:3,__toCommonJS
FNDA:0,BadRequestError
FNDA:0,ConflictError
FNDA:0,ForbiddenError
FNDA:0,HttpError
FNDA:0,NotFoundError
FNDA:0,UnauthorizedError
FNDA:3,ValidationError
FNDA:0,assertAdmin
FNDA:0,extractJwtClaims
FNDA:3,parseJsonBody
FNDA:1,withHandler
FNDA:3,HttpError
FNDA:3,<instance_members_initializer>
FNDA:3,<static_initializer>
FNDA:3,<static_initializer>
FNDA:0,BadRequestError
FNDA:3,<static_initializer>
FNDA:3,ValidationError
FNDA:3,<static_initializer>
FNDA:0,UnauthorizedError
FNDA:3,<static_initializer>
FNDA:0,ForbiddenError
FNDA:3,<static_initializer>
FNDA:0,NotFoundError
FNDA:3,<static_initializer>
FNDA:0,ConflictError
FNDA:1,withHandler
FNDA:3,parseJsonBody
FNDA:0,extractJwtClaims
FNDA:0,normaliseGroups
FNDA:0,assertAdmin
DA:1,3
DA:2,3
DA:3,3
DA:4,3
DA:5,3
DA:6,3
DA:7,3
DA:8,3
DA:9,3
DA:10,3
DA:11,3
DA:12,3
DA:13,3
DA:14,3
DA:15,3
DA:16,3
DA:17,3
DA:18,3
DA:19,3
DA:20,3
DA:21,3
DA:22,3
DA:23,3
DA:24,3
DA:25,3
DA:26,3
DA:27,3
DA:28,3
DA:29,3
DA:30,3
DA:31,3
DA:32,3
DA:33,3
DA:34,3
DA:35,3
DA:36,3
DA:37,3
DA:38,3
DA:39,3
DA:40,3
DA:41,3
DA:42,3
DA:43,3
DA:44,3
DA:45,3
DA:46,3
DA:47,3
DA:48,3
DA:49,1
DA:50,0
DA:51,0
DA:52,0
DA:53,1
DA:54,1
DA:55,1
DA:56,1
DA:57,1
DA:58,1
DA:59,1
DA:60,1
DA:61,1
DA:62,1
DA:63,1
DA:64,1
DA:65,1
DA:66,3
DA:67,3
DA:68,3
DA:69,0
DA:70,0
DA:71,0
DA:72,0
DA:73,0
DA:74,0
DA:75,3
DA:76,3
DA:77,3
DA:78,3
DA:79,0
DA:80,0
DA:81,0
DA:82,0
DA:83,0
DA:84,0
DA:85,0
DA:86,0
DA:87,0
DA:88,0
DA:89,0
DA:90,3
DA:91,3
DA:92,3
DA:93,3
DA:94,3
DA:95,3
DA:96,3
DA:97,3
DA:98,3
DA:99,3
DA:100,3
DA:101,3
DA:102,3
DA:103,1
DA:104,1
DA:105,1
DA:106,3
DA:107,3
DA:108,3
DA:109,3
DA:110,3
DA:111,0
DA:112,0
DA:113,3
DA:114,1
DA:115,1
DA:116,0
DA:117,0
DA:118,0
DA:119,0
DA:120,0
DA:121,0
DA:122,0
DA:123,0
DA:124,0
DA:125,0
DA:126,0
DA:127,0
DA:128,0
DA:129,0
DA:130,0
DA:131,0
DA:132,0
DA:133,0
DA:134,0
DA:135,0
DA:136,0
DA:137,0
DA:138,1
DA:139,1
DA:140,1
DA:141,1
DA:142,1
DA:143,1
DA:144,1
DA:145,0
DA:146,0
DA:147,0
DA:148,0
DA:149,0
DA:150,0
DA:151,0
DA:152,0
DA:153,0
DA:154,0
DA:155,0
DA:156,0
DA:157,0
DA:158,0
DA:159,1
DA:160,1
DA:161,0
DA:162,0
DA:163,0
DA:164,0
DA:165,0
DA:166,0
DA:167,0
DA:168,0
DA:169,0
DA:170,0
DA:171,0
DA:172,0
DA:173,0
LF:173
LH:102
BRDA:160,0,0,0
BRDA:1,1,0,36
BRDA:1,2,0,3
BRDA:1,3,0,33
BRDA:1,4,0,3
BRDA:1,5,0,0
BRDA:1,6,0,33
BRDA:1,7,0,7
BRDA:1,8,0,3
BRDA:1,9,0,3
BRDA:1,10,0,3
BRDA:1,11,0,1
BRDA:4,12,0,3
BRDA:5,13,0,3
BRDA:1,14,0,3
BRDA:1,15,0,3
BRDA:1,16,0,3
BRDA:21,17,0,3
BRDA:1,18,0,3
BRDA:1,19,0,3
BRDA:1,20,0,3
BRDA:1,21,0,3
BRDA:64,22,0,1
BRDA:65,23,0,3
BRDA:67,24,0,0
BRDA:68,25,0,0
BRDA:78,26,0,0
BRDA:78,27,0,0
BRDA:94,28,0,0
BRDA:95,29,0,0
BRDA:105,30,0,3
BRDA:106,31,0,0
BRDA:108,32,0,0
BRDA:110,33,0,0
BRF:34
BRH:23
end_of_record
TN:
SF:lib\handlers\shared\providers\access-service.ts
FN:1,__name
FN:1,__export
FN:1,__copyProps
FN:1,get
FN:1,__toCommonJS
FN:1,AccessService
FN:8,AccessService
FN:10,now
FN:1,<static_initializer>
FN:28,verifyRawData
FN:43,commitAccess
FNF:11
FNH:10
FNDA:3,__name
FNDA:3,__export
FNDA:3,__copyProps
FNDA:6,get
FNDA:3,__toCommonJS
FNDA:6,AccessService
FNDA:3,AccessService
FNDA:0,now
FNDA:3,<static_initializer>
FNDA:1,verifyRawData
FNDA:2,commitAccess
DA:1,3
DA:2,3
DA:3,3
DA:4,3
DA:5,3
DA:6,1
DA:7,1
DA:8,1
DA:9,3
DA:10,3
DA:11,3
DA:12,3
DA:13,3
DA:14,3
DA:15,3
DA:16,0
DA:17,0
DA:18,0
DA:19,0
DA:20,0
DA:21,0
DA:22,3
DA:23,3
DA:24,3
DA:25,3
DA:26,3
DA:27,1
DA:28,1
DA:29,1
DA:30,1
DA:31,1
DA:32,0
DA:33,0
DA:34,1
DA:35,1
DA:36,1
DA:37,0
DA:38,0
DA:39,1
DA:40,1
DA:41,1
DA:42,1
DA:43,1
DA:44,2
DA:45,2
DA:46,1
DA:47,1
DA:48,2
DA:49,1
DA:50,1
DA:51,2
DA:52,2
DA:53,0
DA:54,0
DA:55,0
DA:56,0
DA:57,0
DA:58,0
DA:59,0
DA:60,0
DA:61,0
DA:62,0
DA:63,0
DA:64,2
DA:65,0
DA:66,0
DA:67,0
DA:68,0
DA:69,0
DA:70,0
DA:71,2
DA:72,0
LF:72
LH:44
BRDA:72,0,0,0
BRDA:1,1,0,3
BRDA:1,2,0,3
BRDA:1,3,0,3
BRDA:1,4,0,0
BRDA:1,5,0,6
BRDA:1,6,0,3
BRDA:1,7,0,6
BRDA:8,8,0,3
BRDA:1,9,0,3
BRDA:28,10,0,1
BRDA:31,11,0,0
BRDA:36,12,0,0
BRDA:43,13,0,2
BRDA:45,14,0,1
BRDA:48,15,0,1
BRDA:52,16,0,0
BRDA:64,17,0,0
BRF:18
BRH:12
end_of_record
TN:
SF:lib\handlers\shared\providers\index.ts
FN:1,__copyProps
FN:1,get
FN:1,__reExport
FN:1,__toCommonJS
FNF:4
FNH:4
FNDA:13,__copyProps
FNDA:3,get
FNDA:6,__reExport
FNDA:1,__toCommonJS
DA:1,1
DA:2,1
DA:3,1
DA:4,1
DA:5,1
DA:6,1
LF:6
LH:6
BRDA:1,0,0,0
BRDA:1,1,0,13
BRDA:1,2,0,0
BRDA:1,3,0,42
BRDA:1,4,0,31
BRDA:1,5,0,31
BRDA:1,6,0,3
BRDA:1,7,0,6
BRDA:1,8,0,1
BRF:9
BRH:7
end_of_record
TN:
SF:lib\handlers\shared\providers\types.ts
FN:1,__copyProps
FN:1,get
FN:1,__toCommonJS
FNF:3
FNH:2
FNDA:1,__copyProps
FNDA:0,get
FNDA:1,__toCommonJS
DA:1,1
DA:2,1
DA:3,1
DA:4,1
DA:5,1
DA:6,1
DA:7,1
DA:8,1
DA:9,1
DA:10,1
DA:11,1
DA:12,1
DA:13,1
DA:14,1
DA:15,1
DA:16,1
DA:17,1
DA:18,1
DA:19,1
DA:20,1
DA:21,1
DA:22,1
DA:23,1
DA:24,1
DA:25,1
DA:26,1
DA:27,1
DA:28,1
DA:29,1
DA:30,1
DA:31,1
DA:32,1
DA:33,1
DA:34,1
DA:35,1
DA:36,1
DA:37,1
DA:38,1
DA:39,1
DA:40,1
DA:41,1
DA:42,1
DA:43,1
DA:44,1
DA:45,1
DA:46,1
DA:47,1
DA:48,1
DA:49,1
DA:50,1
DA:51,1
DA:52,1
DA:53,1
DA:54,1
DA:55,1
DA:56,1
DA:57,1
DA:58,1
DA:59,1
DA:60,1
DA:61,1
DA:62,1
DA:63,1
DA:64,1
DA:65,1
DA:66,1
DA:67,1
DA:68,1
DA:69,1
DA:70,1
DA:71,1
DA:72,1
DA:73,1
DA:74,1
DA:75,1
DA:76,1
DA:77,1
DA:78,1
DA:79,1
DA:80,1
DA:81,1
DA:82,1
DA:83,1
DA:84,1
DA:85,1
DA:86,1
DA:87,1
DA:88,1
DA:89,1
DA:90,1
DA:91,1
DA:92,1
DA:93,1
DA:94,1
DA:95,1
DA:96,1
DA:97,1
DA:98,1
DA:99,1
DA:100,1
DA:101,1
DA:102,1
DA:103,1
DA:104,1
DA:105,1
DA:106,1
DA:107,1
DA:108,1
DA:109,1
DA:110,1
LF:110
LH:110
BRDA:1,0,0,1
BRDA:1,1,0,0
BRDA:1,2,0,0
BRDA:1,3,0,1
BRF:4
BRH:2
end_of_record
TN:
SF:lib\handlers\shared\providers\feedback\index.ts
FN:1,(empty-report)
FNF:1
FNH:0
FNDA:0,(empty-report)
DA:1,0
LF:1
LH:0
BRDA:1,0,0,0
BRF:1
BRH:0
end_of_record
TN:
SF:lib\handlers\shared\providers\feedback\mqtt-feedback.ts
FN:1,__name
FN:1,__export
FN:1,__copyProps
FN:1,get
FN:1,__toCommonJS
FN:1,MqttFeedbackPublisher
FN:1,createMqttPublisher
FN:1,<static_initializer>
FN:5,<instance_members_initializer>
FN:7,MqttFeedbackPublisher
FN:13,getClient
FN:20,sendFeedback
FN:41,sendDenial
FN:52,sendGateUnlockSignal
FN:65,createMqttPublisher
FNF:15
FNH:12
FNDA:4,__name
FNDA:2,__export
FNDA:2,__copyProps
FNDA:1,get
FNDA:2,__toCommonJS
FNDA:1,MqttFeedbackPublisher
FNDA:0,createMqttPublisher
FNDA:2,<static_initializer>
FNDA:1,<instance_members_initializer>
FNDA:1,MqttFeedbackPublisher
FNDA:1,getClient
FNDA:1,sendFeedback
FNDA:0,sendDenial
FNDA:1,sendGateUnlockSignal
FNDA:0,createMqttPublisher
DA:1,2
DA:2,2
DA:3,2
DA:4,2
DA:5,1
DA:6,1
DA:7,1
DA:8,1
DA:9,0
DA:10,0
DA:11,1
DA:12,1
DA:13,1
DA:14,1
DA:15,1
DA:16,1
DA:17,1
DA:18,1
DA:19,1
DA:20,1
DA:21,1
DA:22,1
DA:23,1
DA:24,1
DA:25,1
DA:26,1
DA:27,1
DA:28,1
DA:29,1
DA:30,1
DA:31,1
DA:32,1
DA:33,1
DA:34,1
DA:35,1
DA:36,1
DA:37,0
DA:38,0
DA:39,1
DA:40,1
DA:41,1
DA:42,0
DA:43,0
DA:44,0
DA:45,0
DA:46,0
DA:47,0
DA:48,0
DA:49,0
DA:50,0
DA:51,1
DA:52,1
DA:53,1
DA:54,1
DA:55,1
DA:56,1
DA:57,1
DA:58,1
DA:59,1
DA:60,1
DA:61,1
DA:62,1
DA:63,1
DA:64,1
DA:65,1
DA:66,0
DA:67,0
LF:67
LH:52
BRDA:65,0,0,0
BRDA:1,1,0,4
BRDA:1,2,0,2
BRDA:1,3,0,4
BRDA:1,4,0,2
BRDA:1,5,0,0
BRDA:1,6,0,4
BRDA:1,7,0,1
BRDA:1,8,0,2
BRDA:1,9,0,1
BRDA:1,10,0,2
BRDA:5,11,0,1
BRDA:7,12,0,1
BRDA:8,13,0,0
BRDA:13,14,0,1
BRDA:20,15,0,1
BRDA:21,16,0,0
BRDA:36,17,0,0
BRDA:52,18,0,1
BRF:19
BRH:14
end_of_record
TN:
SF:lib\handlers\shared\providers\identity\cognito-identity-provider.ts
FN:1,__name
FN:1,__export
FN:1,__copyProps
FN:1,get
FN:1,__toCommonJS
FN:1,CognitoIdentityProvider
FN:1,MockIdentityProvider
FN:1,createIdentityProvider
FN:9,generateStrongTemporaryPassword
FN:1,<static_initializer>
FN:20,<instance_members_initializer>
FN:22,ensureUser
FN:1,<static_initializer>
FN:54,ensureUser
FN:64,createIdentityProvider
FNF:15
FNH:6
FNDA:4,__name
FNDA:1,__export
FNDA:1,__copyProps
FNDA:0,get
FNDA:1,__toCommonJS
FNDA:0,CognitoIdentityProvider
FNDA:0,MockIdentityProvider
FNDA:0,createIdentityProvider
FNDA:0,generateStrongTemporaryPassword
FNDA:1,<static_initializer>
FNDA:0,<instance_members_initializer>
FNDA:0,ensureUser
FNDA:1,<static_initializer>
FNDA:0,ensureUser
FNDA:0,createIdentityProvider
DA:1,1
DA:2,1
DA:3,1
DA:4,1
DA:5,1
DA:6,1
DA:7,1
DA:8,1
DA:9,1
DA:10,1
DA:11,1
DA:12,1
DA:13,1
DA:14,1
DA:15,1
DA:16,1
DA:17,1
DA:18,1
DA:19,1
DA:20,1
DA:21,1
DA:22,1
DA:23,1
DA:24,1
DA:25,1
DA:26,1
DA:27,1
DA:28,1
DA:29,1
DA:30,1
DA:31,1
DA:32,1
DA:33,1
DA:34,1
DA:35,1
DA:36,1
DA:37,1
DA:38,1
DA:39,1
DA:40,1
DA:41,1
DA:42,1
DA:43,1
DA:44,1
DA:45,1
DA:46,1
DA:47,1
DA:48,1
DA:49,1
DA:50,1
DA:51,1
DA:52,1
DA:53,1
DA:54,1
DA:55,0
DA:56,0
DA:57,1
DA:58,1
DA:59,1
DA:60,1
DA:61,1
DA:62,1
DA:63,1
DA:64,1
DA:65,0
DA:66,0
DA:67,0
LF:67
LH:62
BRDA:64,0,0,0
BRDA:1,1,0,4
BRDA:1,2,0,1
BRDA:1,3,0,3
BRDA:1,4,0,1
BRDA:1,5,0,0
BRDA:1,6,0,3
BRDA:1,7,0,1
BRDA:1,8,0,1
BRDA:20,9,0,0
BRDA:1,10,0,1
BRF:11
BRH:8
end_of_record
TN:
SF:lib\handlers\shared\providers\identity\index.ts
FN:1,__copyProps
FN:1,get
FN:1,__reExport
FN:1,__toCommonJS
FNF:4
FNH:3
FNDA:3,__copyProps
FNDA:0,get
FNDA:1,__reExport
FNDA:1,__toCommonJS
DA:1,1
LF:1
LH:1
BRDA:1,0,0,0
BRDA:1,1,0,3
BRDA:1,2,0,0
BRDA:1,3,0,8
BRDA:1,4,0,7
BRDA:1,5,0,7
BRDA:1,6,0,1
BRDA:1,7,0,1
BRF:8
BRH:6
end_of_record
TN:
SF:lib\handlers\shared\providers\lockers\index.ts
FN:1,__name
FN:1,__export
FN:1,__copyProps
FN:1,get
FN:1,__reExport
FN:1,__toCommonJS
FN:1,createLockerClient
FN:1,setLockerClientOverride
FN:13,setLockerClientOverride
FN:17,createLockerClient
FNF:10
FNH:10
FNDA:4,__name
FNDA:2,__export
FNDA:18,__copyProps
FNDA:10,get
FNDA:8,__reExport
FNDA:2,__toCommonJS
FNDA:3,createLockerClient
FNDA:2,setLockerClientOverride
FNDA:2,setLockerClientOverride
FNDA:3,createLockerClient
DA:1,2
DA:2,1
DA:3,1
DA:4,1
DA:5,1
DA:6,1
DA:7,1
DA:8,1
DA:9,1
DA:10,1
DA:11,1
DA:12,1
DA:13,1
DA:14,2
DA:15,2
DA:16,1
DA:17,1
DA:18,3
DA:19,3
DA:20,3
DA:21,3
DA:22,1
DA:23,1
DA:24,3
DA:25,1
DA:26,1
DA:27,3
DA:28,0
DA:29,0
DA:30,3
DA:31,1
DA:32,1
DA:33,3
DA:34,0
DA:35,0
DA:36,0
DA:37,0
DA:38,0
DA:39,0
DA:40,3
LF:40
LH:32
BRDA:17,0,0,0
BRDA:1,1,0,4
BRDA:1,2,0,2
BRDA:1,3,0,4
BRDA:1,4,0,18
BRDA:1,5,0,0
BRDA:1,6,0,32
BRDA:1,7,0,18
BRDA:1,8,0,18
BRDA:1,9,0,10
BRDA:1,10,0,8
BRDA:1,11,0,2
BRDA:1,12,0,3
BRDA:1,13,0,2
BRDA:13,14,0,2
BRDA:17,15,0,3
BRDA:21,16,0,1
BRDA:24,17,0,2
BRDA:24,18,0,1
BRDA:27,19,0,0
BRDA:30,20,0,1
BRDA:30,21,0,0
BRDA:30,22,0,1
BRDA:33,23,0,0
BRF:24
BRH:19
end_of_record
TN:
SF:lib\handlers\shared\providers\lockers\mock-locker.ts
FN:1,__name
FN:1,__export
FN:1,__copyProps
FN:1,get
FN:1,__toCommonJS
FN:1,MockLockerClient
FN:1,<static_initializer>
FN:4,<instance_members_initializer>
FN:6,openLocker
FN:23,clear
FNF:10
FNH:9
FNDA:2,__name
FNDA:2,__export
FNDA:2,__copyProps
FNDA:5,get
FNDA:2,__toCommonJS
FNDA:5,MockLockerClient
FNDA:2,<static_initializer>
FNDA:4,<instance_members_initializer>
FNDA:3,openLocker
FNDA:0,clear
DA:1,2
DA:2,2
DA:3,2
DA:4,1
DA:5,1
DA:6,1
DA:7,3
DA:8,3
DA:9,3
DA:10,3
DA:11,3
DA:12,3
DA:13,3
DA:14,3
DA:15,3
DA:16,3
DA:17,3
DA:18,3
DA:19,3
DA:20,3
DA:21,3
DA:22,1
DA:23,1
DA:24,0
DA:25,0
DA:26,0
LF:26
LH:23
BRDA:26,0,0,0
BRDA:1,1,0,2
BRDA:1,2,0,2
BRDA:1,3,0,2
BRDA:1,4,0,0
BRDA:1,5,0,5
BRDA:1,6,0,2
BRDA:1,7,0,5
BRDA:1,8,0,2
BRDA:4,9,0,4
BRDA:6,10,0,3
BRDA:11,11,0,1
BRDA:11,12,0,2
BRDA:12,13,0,1
BRDA:13,14,0,1
BRDA:13,15,0,2
BRF:16
BRH:14
end_of_record
TN:
SF:lib\handlers\shared\providers\lockers\mqtt-locker.ts
FN:1,__name
FN:1,__export
FN:1,__copyProps
FN:1,get
FN:1,__toCommonJS
FN:1,MqttLockerClient
FN:1,<static_initializer>
FN:6,<instance_members_initializer>
FN:9,MqttLockerClient
FN:13,getConfig
FN:25,openLocker
FNF:11
FNH:9
FNDA:2,__name
FNDA:2,__export
FNDA:2,__copyProps
FNDA:2,get
FNDA:2,__toCommonJS
FNDA:2,MqttLockerClient
FNDA:2,<static_initializer>
FNDA:1,<instance_members_initializer>
FNDA:1,MqttLockerClient
FNDA:0,getConfig
FNDA:0,openLocker
DA:1,2
DA:2,2
DA:3,2
DA:4,2
DA:5,2
DA:6,1
DA:7,1
DA:8,1
DA:9,1
DA:10,1
DA:11,1
DA:12,1
DA:13,1
DA:14,0
DA:15,0
DA:16,0
DA:17,0
DA:18,0
DA:19,1
DA:20,1
DA:21,0
DA:22,0
DA:23,1
DA:24,1
DA:25,1
DA:26,0
DA:27,0
DA:28,0
DA:29,0
DA:30,0
DA:31,0
DA:32,0
DA:33,0
DA:34,0
DA:35,0
DA:36,0
DA:37,0
DA:38,0
DA:39,0
DA:40,0
DA:41,0
DA:42,0
DA:43,0
DA:44,0
DA:45,0
DA:46,0
DA:47,0
DA:48,0
DA:49,0
DA:50,0
DA:51,0
DA:52,0
DA:53,0
DA:54,0
DA:55,0
DA:56,0
DA:57,0
DA:58,0
DA:59,0
DA:60,0
DA:61,0
DA:62,0
DA:63,0
DA:64,0
DA:65,0
DA:66,0
DA:67,0
LF:67
LH:18
BRDA:67,0,0,0
BRDA:1,1,0,2
BRDA:1,2,0,2
BRDA:1,3,0,2
BRDA:1,4,0,0
BRDA:1,5,0,2
BRDA:1,6,0,2
BRDA:1,7,0,2
BRDA:1,8,0,2
BRDA:6,9,0,1
BRDA:9,10,0,1
BRDA:20,11,0,0
BRF:12
BRH:9
end_of_record
TN:
SF:lib\handlers\shared\providers\lockers\ssm-config-provider.ts
FN:1,__name
FN:1,__export
FN:1,__copyProps
FN:1,get
FN:1,__toCommonJS
FN:1,SsmLockerConfigProvider
FN:22,SsmLockerConfigProvider
FN:1,<static_initializer>
FN:24,getConfig
FNF:9
FNH:5
FNDA:2,__name
FNDA:2,__export
FNDA:2,__copyProps
FNDA:0,get
FNDA:2,__toCommonJS
FNDA:0,SsmLockerConfigProvider
FNDA:0,SsmLockerConfigProvider
FNDA:2,<static_initializer>
FNDA:0,getConfig
DA:1,2
DA:2,2
DA:3,2
DA:4,2
DA:5,2
DA:6,2
DA:7,2
DA:8,2
DA:9,2
DA:10,2
DA:11,2
DA:12,2
DA:13,2
DA:14,2
DA:15,2
DA:16,2
DA:17,2
DA:18,2
DA:19,1
DA:20,1
DA:21,1
DA:22,1
DA:23,1
DA:24,1
DA:25,0
DA:26,0
DA:27,0
DA:28,0
DA:29,0
DA:30,0
DA:31,0
DA:32,0
DA:33,0
DA:34,0
DA:35,0
DA:36,0
DA:37,0
DA:38,0
DA:39,0
DA:40,0
DA:41,0
DA:42,0
DA:43,0
DA:44,0
DA:45,0
DA:46,0
DA:47,0
DA:48,0
DA:49,0
DA:50,0
DA:51,0
DA:52,0
DA:53,0
DA:54,0
DA:55,0
DA:56,0
DA:57,0
DA:58,0
DA:59,0
DA:60,0
LF:60
LH:24
BRDA:60,0,0,0
BRDA:1,1,0,2
BRDA:1,2,0,2
BRDA:1,3,0,2
BRDA:1,4,0,0
BRDA:1,5,0,2
BRDA:1,6,0,2
BRF:7
BRH:5
end_of_record
TN:
SF:lib\handlers\shared\providers\lockers\types.ts
FN:1,__copyProps
FN:1,get
FN:1,__toCommonJS
FNF:3
FNH:2
FNDA:2,__copyProps
FNDA:0,get
FNDA:2,__toCommonJS
DA:1,2
DA:2,1
DA:3,1
DA:4,1
DA:5,1
DA:6,1
DA:7,1
DA:8,1
DA:9,1
DA:10,1
DA:11,1
DA:12,1
DA:13,1
DA:14,1
DA:15,1
DA:16,1
DA:17,1
LF:17
LH:17
BRDA:1,0,0,2
BRDA:1,1,0,0
BRDA:1,2,0,0
BRDA:1,3,0,2
BRF:4
BRH:2
end_of_record
TN:
SF:lib\handlers\shared\providers\payment\index.ts
FN:1,__name
FN:1,__export
FN:1,__copyProps
FN:1,get
FN:1,__toCommonJS
FN:1,MockPaymentProvider
FN:1,StripePaymentProvider
FN:1,createPaymentProvider
FN:1,getStripeClient
FN:1,getWebhookSecret
FN:14,createPaymentProvider
FNF:11
FNH:9
FNDA:3,__name
FNDA:3,__export
FNDA:3,__copyProps
FNDA:8,get
FNDA:3,__toCommonJS
FNDA:1,MockPaymentProvider
FNDA:1,StripePaymentProvider
FNDA:6,createPaymentProvider
FNDA:0,getStripeClient
FNDA:0,getWebhookSecret
FNDA:6,createPaymentProvider
DA:1,0
DA:2,1
DA:3,1
DA:4,1
DA:5,1
DA:6,1
DA:7,1
DA:8,1
DA:9,1
DA:10,1
DA:11,1
DA:12,1
DA:13,1
DA:14,1
DA:15,6
DA:16,6
DA:17,0
DA:18,0
DA:19,6
DA:20,6
LF:20
LH:17
BRDA:14,0,0,0
BRDA:1,1,0,3
BRDA:1,2,0,3
BRDA:1,3,0,15
BRDA:1,4,0,3
BRDA:1,5,0,0
BRDA:1,6,0,15
BRDA:1,7,0,8
BRDA:1,8,0,3
BRDA:1,9,0,1
BRDA:1,10,0,1
BRDA:1,11,0,6
BRDA:14,12,0,6
BRDA:16,13,0,0
BRF:14
BRH:11
end_of_record
TN:
SF:lib\handlers\shared\providers\payment\mock-payment-provider.ts
FN:1,__name
FN:1,__export
FN:1,__copyProps
FN:1,get
FN:1,__toCommonJS
FN:1,MockPaymentProvider
FN:1,<static_initializer>
FN:4,createCheckoutSession
FN:8,createPortalSession
FN:12,listInvoices
FN:27,constructWebhookEvent
FNF:11
FNH:11
FNDA:3,__name
FNDA:3,__export
FNDA:3,__copyProps
FNDA:4,get
FNDA:3,__toCommonJS
FNDA:4,MockPaymentProvider
FNDA:3,<static_initializer>
FNDA:1,createCheckoutSession
FNDA:1,createPortalSession
FNDA:1,listInvoices
FNDA:1,constructWebhookEvent
DA:1,3
DA:2,3
DA:3,3
DA:4,1
DA:5,1
DA:6,1
DA:7,1
DA:8,1
DA:9,1
DA:10,1
DA:11,1
DA:12,1
DA:13,1
DA:14,1
DA:15,1
DA:16,1
DA:17,1
DA:18,1
DA:19,1
DA:20,1
DA:21,1
DA:22,1
DA:23,1
DA:24,1
DA:25,1
DA:26,1
DA:27,1
DA:28,1
DA:29,1
DA:30,1
DA:31,0
LF:31
LH:30
BRDA:31,0,0,0
BRDA:1,1,0,3
BRDA:1,2,0,3
BRDA:1,3,0,3
BRDA:1,4,0,0
BRDA:1,5,0,4
BRDA:1,6,0,3
BRDA:1,7,0,4
BRDA:1,8,0,3
BRDA:4,9,0,1
BRDA:8,10,0,1
BRDA:12,11,0,1
BRDA:27,12,0,1
BRF:13
BRH:11
end_of_record
TN:
SF:lib\handlers\shared\providers\payment\stripe-client-manager.ts
FN:1,__name
FN:1,__export
FN:1,__copyProps
FN:1,get
FN:1,__toESM
FN:1,__toCommonJS
FN:1,getStripeClient
FN:1,getWebhookSecret
FN:13,getStripeClient
FN:40,getWebhookSecret
FNF:10
FNH:5
FNDA:6,__name
FNDA:3,__export
FNDA:6,__copyProps
FNDA:0,get
FNDA:3,__toESM
FNDA:3,__toCommonJS
FNDA:0,getStripeClient
FNDA:0,getWebhookSecret
FNDA:0,getStripeClient
FNDA:0,getWebhookSecret
DA:1,1
DA:2,1
DA:3,1
DA:4,1
DA:5,1
DA:6,1
DA:7,1
DA:8,1
DA:9,1
DA:10,1
DA:11,1
DA:12,1
DA:13,0
DA:14,0
DA:15,0
DA:16,0
DA:17,0
DA:18,0
DA:19,0
DA:20,0
DA:21,0
DA:22,0
DA:23,0
DA:24,0
DA:25,0
DA:26,0
DA:27,0
DA:28,0
DA:29,0
DA:30,0
DA:31,0
DA:32,0
DA:33,0
DA:34,0
DA:35,0
DA:36,1
DA:37,1
DA:38,1
DA:39,1
DA:40,0
DA:41,0
DA:42,0
DA:43,0
DA:44,0
DA:45,0
DA:46,0
DA:47,0
DA:48,0
LF:48
LH:16
BRDA:40,0,0,0
BRDA:1,1,0,6
BRDA:1,2,0,3
BRDA:1,3,0,6
BRDA:1,4,0,6
BRDA:1,5,0,3
BRDA:1,6,0,78
BRDA:1,7,0,3
BRDA:1,8,0,0
BRDA:1,9,0,0
BRDA:1,10,0,3
BRF:11
BRH:8
end_of_record
TN:
SF:lib\handlers\shared\providers\payment\stripe-payment-provider.ts
FN:1,__name
FN:1,__export
FN:1,__copyProps
FN:1,get
FN:1,__toCommonJS
FN:1,StripePaymentProvider
FN:1,<static_initializer>
FN:6,createCheckoutSession
FN:88,createPortalSession
FN:108,listInvoices
FN:138,constructWebhookEvent
FNF:11
FNH:7
FNDA:3,__name
FNDA:3,__export
FNDA:3,__copyProps
FNDA:4,get
FNDA:3,__toCommonJS
FNDA:4,StripePaymentProvider
FNDA:3,<static_initializer>
FNDA:0,createCheckoutSession
FNDA:0,createPortalSession
FNDA:0,listInvoices
FNDA:0,constructWebhookEvent
DA:1,3
DA:2,3
DA:3,3
DA:4,3
DA:5,3
DA:6,1
DA:7,0
DA:8,0
DA:9,0
DA:10,0
DA:11,0
DA:12,0
DA:13,0
DA:14,0
DA:15,0
DA:16,0
DA:17,0
DA:18,0
DA:19,0
DA:20,0
DA:21,0
DA:22,0
DA:23,0
DA:24,0
DA:25,0
DA:26,0
DA:27,0
DA:28,0
DA:29,0
DA:30,0
DA:31,0
DA:32,0
DA:33,0
DA:34,0
DA:35,0
DA:36,0
DA:37,0
DA:38,0
DA:39,0
DA:40,0
DA:41,0
DA:42,0
DA:43,0
DA:44,0
DA:45,0
DA:46,0
DA:47,0
DA:48,0
DA:49,0
DA:50,0
DA:51,0
DA:52,0
DA:53,0
DA:54,0
DA:55,0
DA:56,0
DA:57,0
DA:58,0
DA:59,0
DA:60,0
DA:61,0
DA:62,0
DA:63,0
DA:64,0
DA:65,0
DA:66,0
DA:67,0
DA:68,0
DA:69,0
DA:70,0
DA:71,0
DA:72,0
DA:73,0
DA:74,0
DA:75,0
DA:76,0
DA:77,0
DA:78,0
DA:79,0
DA:80,0
DA:81,0
DA:82,0
DA:83,0
DA:84,0
DA:85,0
DA:86,0
DA:87,1
DA:88,1
DA:89,0
DA:90,0
DA:91,0
DA:92,0
DA:93,0
DA:94,0
DA:95,0
DA:96,0
DA:97,0
DA:98,0
DA:99,0
DA:100,0
DA:101,0
DA:102,0
DA:103,0
DA:104,0
DA:105,0
DA:106,0
DA:107,1
DA:108,1
DA:109,0
DA:110,0
DA:111,0
DA:112,0
DA:113,0
DA:114,0
DA:115,0
DA:116,0
DA:117,0
DA:118,0
DA:119,0
DA:120,0
DA:121,0
DA:122,0
DA:123,0
DA:124,0
DA:125,0
DA:126,0
DA:127,0
DA:128,0
DA:129,0
DA:130,0
DA:131,0
DA:132,0
DA:133,0
DA:134,0
DA:135,0
DA:136,0
DA:137,1
DA:138,1
DA:139,0
DA:140,0
DA:141,0
DA:142,0
DA:143,0
LF:143
LH:12
BRDA:143,0,0,0
BRDA:1,1,0,3
BRDA:1,2,0,3
BRDA:1,3,0,3
BRDA:1,4,0,0
BRDA:1,5,0,4
BRDA:1,6,0,3
BRDA:1,7,0,4
BRDA:1,8,0,3
BRF:9
BRH:7
end_of_record
TN:
SF:lib\handlers\shared\providers\qr\basic-subscription-provider.ts
FN:1,__name
FN:1,__export
FN:1,__copyProps
FN:1,get
FN:1,__toCommonJS
FN:1,BasicSubscriptionProvider
FN:26,BasicSubscriptionProvider
FN:1,<static_initializer>
FN:31,getKeys
FN:35,getSubscription
FN:39,canHandle
FN:49,verify
FNF:12
FNH:12
FNDA:9,__name
FNDA:3,__export
FNDA:3,__copyProps
FNDA:5,get
FNDA:3,__toCommonJS
FNDA:5,BasicSubscriptionProvider
FNDA:5,BasicSubscriptionProvider
FNDA:3,<static_initializer>
FNDA:1,getKeys
FNDA:1,getSubscription
FNDA:5,canHandle
FNDA:1,verify
DA:1,3
DA:2,3
DA:3,3
DA:4,3
DA:5,3
DA:6,3
DA:7,3
DA:8,3
DA:9,3
DA:10,3
DA:11,3
DA:12,3
DA:13,3
DA:14,3
DA:15,3
DA:16,3
DA:17,3
DA:18,3
DA:19,3
DA:20,3
DA:21,3
DA:22,3
DA:23,3
DA:24,1
DA:25,1
DA:26,1
DA:27,5
DA:28,5
DA:29,5
DA:30,1
DA:31,1
DA:32,1
DA:33,1
DA:34,1
DA:35,1
DA:36,1
DA:37,1
DA:38,1
DA:39,1
DA:40,5
DA:41,3
DA:42,2
DA:43,2
DA:44,5
DA:45,0
DA:46,0
DA:47,5
DA:48,1
DA:49,1
DA:50,1
DA:51,0
DA:52,0
DA:53,1
DA:54,1
DA:55,1
DA:56,1
DA:57,1
DA:58,1
DA:59,1
DA:60,1
DA:61,1
DA:62,0
DA:63,0
DA:64,1
DA:65,1
DA:66,1
DA:67,1
DA:68,0
DA:69,0
DA:70,1
DA:71,1
DA:72,1
DA:73,1
DA:74,1
DA:75,1
DA:76,1
DA:77,0
DA:78,0
DA:79,1
DA:80,1
DA:81,1
DA:82,1
DA:83,0
DA:84,0
DA:85,0
DA:86,1
DA:87,1
DA:88,0
DA:89,0
DA:90,1
DA:91,1
DA:92,1
DA:93,1
DA:94,1
DA:95,1
DA:96,1
DA:97,1
DA:98,1
DA:99,1
DA:100,0
DA:101,0
DA:102,1
DA:103,0
LF:103
LH:85
BRDA:103,0,0,0
BRDA:1,1,0,9
BRDA:1,2,0,3
BRDA:1,3,0,3
BRDA:1,4,0,0
BRDA:1,5,0,5
BRDA:1,6,0,3
BRDA:1,7,0,5
BRDA:26,8,0,5
BRDA:1,9,0,3
BRDA:31,10,0,1
BRDA:35,11,0,1
BRDA:39,12,0,5
BRDA:40,13,0,3
BRDA:41,14,0,2
BRDA:43,15,0,0
BRDA:44,16,0,0
BRDA:49,17,0,1
BRDA:50,18,0,0
BRDA:61,19,0,0
BRDA:66,20,0,0
BRDA:67,21,0,0
BRDA:74,22,0,0
BRDA:76,23,0,0
BRDA:76,24,0,0
BRDA:82,25,0,0
BRDA:87,26,0,0
BRDA:99,27,0,0
BRF:28
BRH:14
end_of_record
TN:
SF:lib\handlers\shared\providers\qr\custom-tilde-provider.ts
FN:1,__name
FN:1,__export
FN:1,__copyProps
FN:1,get
FN:1,__toCommonJS
FN:1,TildeV130Provider
FN:1,<static_initializer>
FN:4,<instance_members_initializer>
FN:6,canHandle
FN:10,parseTildeData
FN:39,verify
FNF:11
FNH:11
FNDA:3,__name
FNDA:3,__export
FNDA:3,__copyProps
FNDA:5,get
FNDA:3,__toCommonJS
FNDA:5,TildeV130Provider
FNDA:3,<static_initializer>
FNDA:5,<instance_members_initializer>
FNDA:6,canHandle
FNDA:1,parseTildeData
FNDA:1,verify
DA:1,3
DA:2,3
DA:3,3
DA:4,1
DA:5,1
DA:6,1
DA:7,6
DA:8,6
DA:9,1
DA:10,1
DA:11,1
DA:12,1
DA:13,1
DA:14,1
DA:15,1
DA:16,1
DA:17,1
DA:18,1
DA:19,1
DA:20,19
DA:21,19
DA:22,19
DA:23,19
DA:24,1
DA:25,1
DA:26,1
DA:27,1
DA:28,1
DA:29,1
DA:30,1
DA:31,1
DA:32,1
DA:33,1
DA:34,1
DA:35,1
DA:36,1
DA:37,1
DA:38,1
DA:39,1
DA:40,1
DA:41,0
DA:42,0
DA:43,1
DA:44,1
DA:45,1
DA:46,1
DA:47,1
DA:48,1
DA:49,0
DA:50,0
DA:51,1
DA:52,1
DA:53,1
DA:54,1
DA:55,1
DA:56,1
DA:57,1
DA:58,1
DA:59,1
DA:60,1
DA:61,1
DA:62,0
DA:63,0
DA:64,1
DA:65,1
DA:66,1
DA:67,1
DA:68,1
DA:69,1
DA:70,1
DA:71,1
DA:72,1
DA:73,1
DA:74,1
DA:75,1
DA:76,1
DA:77,1
DA:78,1
DA:79,1
DA:80,1
DA:81,0
DA:82,0
DA:83,0
DA:84,0
DA:85,0
DA:86,1
DA:87,0
LF:87
LH:75
BRDA:87,0,0,0
BRDA:1,1,0,3
BRDA:1,2,0,3
BRDA:1,3,0,3
BRDA:1,4,0,0
BRDA:1,5,0,5
BRDA:1,6,0,3
BRDA:1,7,0,5
BRDA:1,8,0,3
BRDA:4,9,0,5
BRDA:6,10,0,6
BRDA:7,11,0,3
BRDA:10,12,0,1
BRDA:12,13,0,0
BRDA:13,14,0,0
BRDA:14,15,0,0
BRDA:15,16,0,0
BRDA:19,17,0,19
BRDA:20,18,0,1
BRDA:21,19,0,18
BRDA:22,20,0,18
BRDA:26,21,0,0
BRDA:27,22,0,0
BRDA:39,23,0,1
BRDA:40,24,0,0
BRDA:46,25,0,0
BRDA:48,26,0,0
BRDA:60,27,0,0
BRDA:60,28,0,0
BRDA:61,29,0,0
BRDA:80,30,0,0
BRF:31
BRH:16
end_of_record
TN:
SF:lib\handlers\shared\providers\qr\index.ts
FN:1,__copyProps
FN:1,get
FN:1,__reExport
FN:1,__toCommonJS
FNF:4
FNH:4
FNDA:27,__copyProps
FNDA:19,get
FNDA:12,__reExport
FNDA:3,__toCommonJS
DA:1,1
DA:2,1
DA:3,1
DA:4,1
LF:4
LH:4
BRDA:1,0,0,0
BRDA:1,1,0,27
BRDA:1,2,0,0
BRDA:1,3,0,48
BRDA:1,4,0,27
BRDA:1,5,0,27
BRDA:1,6,0,19
BRDA:1,7,0,12
BRDA:1,8,0,3
BRF:9
BRH:7
end_of_record
TN:
SF:lib\handlers\shared\providers\qr\mock-provider.ts
FN:1,__name
FN:1,__export
FN:1,__copyProps
FN:1,get
FN:1,__toCommonJS
FN:1,MockProvider
FN:1,<static_initializer>
FN:4,<instance_members_initializer>
FN:6,canHandle
FN:10,verify
FNF:10
FNH:10
FNDA:3,__name
FNDA:3,__export
FNDA:3,__copyProps
FNDA:5,get
FNDA:3,__toCommonJS
FNDA:5,MockProvider
FNDA:3,<static_initializer>
FNDA:5,<instance_members_initializer>
FNDA:6,canHandle
FNDA:2,verify
DA:1,3
DA:2,3
DA:3,3
DA:4,1
DA:5,1
DA:6,1
DA:7,6
DA:8,6
DA:9,1
DA:10,1
DA:11,2
DA:12,0
DA:13,0
DA:14,2
DA:15,2
DA:16,2
DA:17,0
DA:18,0
DA:19,2
DA:20,2
DA:21,2
DA:22,2
DA:23,2
DA:24,2
DA:25,2
DA:26,2
DA:27,2
DA:28,0
LF:28
LH:23
BRDA:28,0,0,0
BRDA:1,1,0,3
BRDA:1,2,0,3
BRDA:1,3,0,3
BRDA:1,4,0,0
BRDA:1,5,0,5
BRDA:1,6,0,3
BRDA:1,7,0,5
BRDA:1,8,0,3
BRDA:4,9,0,5
BRDA:6,10,0,6
BRDA:10,11,0,2
BRDA:11,12,0,0
BRDA:16,13,0,0
BRF:14
BRH:10
end_of_record
TN:
SF:lib\handlers\shared\providers\qr\classifier\provider-classifier.ts
FN:1,__name
FN:1,__export
FN:1,__copyProps
FN:1,get
FN:1,__toCommonJS
FN:1,DefaultProviderClassifier
FN:1,<static_initializer>
FN:4,<instance_members_initializer>
FN:6,DefaultProviderClassifier
FN:14,registerProvider
FN:18,getProvider
FN:22,classify
FNF:12
FNH:12
FNDA:3,__name
FNDA:3,__export
FNDA:3,__copyProps
FNDA:4,get
FNDA:3,__toCommonJS
FNDA:4,DefaultProviderClassifier
FNDA:3,<static_initializer>
FNDA:4,<instance_members_initializer>
FNDA:4,DefaultProviderClassifier
FNDA:12,registerProvider
FNDA:1,getProvider
FNDA:4,classify
DA:1,3
DA:2,3
DA:3,3
DA:4,1
DA:5,1
DA:6,1
DA:7,4
DA:8,4
DA:9,12
DA:10,12
DA:11,4
DA:12,4
DA:13,1
DA:14,1
DA:15,12
DA:16,12
DA:17,1
DA:18,1
DA:19,1
DA:20,1
DA:21,1
DA:22,1
DA:23,4
DA:24,0
DA:25,0
DA:26,0
DA:27,0
DA:28,0
DA:29,0
DA:30,4
DA:31,4
DA:32,10
DA:33,3
DA:34,3
DA:35,3
DA:36,3
DA:37,3
DA:38,3
DA:39,10
DA:40,4
DA:41,4
DA:42,1
DA:43,1
DA:44,1
DA:45,1
DA:46,4
DA:47,0
LF:47
LH:40
BRDA:47,0,0,0
BRDA:1,1,0,3
BRDA:1,2,0,3
BRDA:1,3,0,3
BRDA:1,4,0,0
BRDA:1,5,0,4
BRDA:1,6,0,3
BRDA:1,7,0,4
BRDA:1,8,0,3
BRDA:4,9,0,4
BRDA:6,10,0,4
BRDA:8,11,0,12
BRDA:14,12,0,12
BRDA:18,13,0,1
BRDA:22,14,0,4
BRDA:23,15,0,0
BRDA:31,16,0,10
BRDA:32,17,0,3
BRDA:41,18,0,1
BRF:19
BRH:16
end_of_record
TN:
SF:lib\handlers\shared\providers\reader\index.ts
FN:1,__copyProps
FN:1,get
FN:1,__reExport
FN:1,__toCommonJS
FNF:4
FNH:3
FNDA:3,__copyProps
FNDA:0,get
FNDA:1,__reExport
FNDA:1,__toCommonJS
DA:1,1
LF:1
LH:1
BRDA:1,0,0,0
BRDA:1,1,0,3
BRDA:1,2,0,0
BRDA:1,3,0,6
BRDA:1,4,0,5
BRDA:1,5,0,5
BRDA:1,6,0,1
BRDA:1,7,0,1
BRF:8
BRH:6
end_of_record
TN:
SF:lib\handlers\shared\providers\reader\reader-adapter.ts
FN:1,__name
FN:1,__export
FN:1,__copyProps
FN:1,get
FN:1,__toCommonJS
FN:1,DefaultScannerReader
FN:1,createScannerReader
FN:1,<static_initializer>
FN:4,<instance_members_initializer>
FN:6,read
FN:14,createScannerReader
FNF:11
FNH:5
FNDA:2,__name
FNDA:1,__export
FNDA:1,__copyProps
FNDA:0,get
FNDA:1,__toCommonJS
FNDA:0,DefaultScannerReader
FNDA:0,createScannerReader
FNDA:1,<static_initializer>
FNDA:0,<instance_members_initializer>
FNDA:0,read
FNDA:0,createScannerReader
DA:1,1
DA:2,1
DA:3,1
DA:4,1
DA:5,1
DA:6,1
DA:7,0
DA:8,0
DA:9,0
DA:10,0
DA:11,0
DA:12,1
DA:13,1
DA:14,1
DA:15,0
DA:16,0
DA:17,0
DA:18,0
DA:19,0
LF:19
LH:9
BRDA:14,0,0,0
BRDA:1,1,0,2
BRDA:1,2,0,1
BRDA:1,3,0,2
BRDA:1,4,0,1
BRDA:1,5,0,0
BRDA:1,6,0,2
BRDA:1,7,0,1
BRDA:1,8,0,1
BRDA:4,9,0,0
BRF:10
BRH:7
end_of_record
TN:
SF:lib\handlers\shared\repositories\access-repository.ts
FN:1,__name
FN:1,__export
FN:1,__copyProps
FN:1,get
FN:1,__toCommonJS
FN:1,DynamoDbAccessRepository
FN:24,DynamoDbAccessRepository
FN:25,<instance_members_initializer>
FN:1,<static_initializer>
FN:30,findActiveScanner
FN:43,getQrSigningKeys
FN:64,getUserSubscription
FN:78,commitAccess
FNF:13
FNH:9
FNDA:2,__name
FNDA:2,__export
FNDA:2,__copyProps
FNDA:1,get
FNDA:2,__toCommonJS
FNDA:1,DynamoDbAccessRepository
FNDA:1,DynamoDbAccessRepository
FNDA:1,<instance_members_initializer>
FNDA:2,<static_initializer>
FNDA:0,findActiveScanner
FNDA:0,getQrSigningKeys
FNDA:0,getUserSubscription
FNDA:0,commitAccess
DA:1,2
DA:2,2
DA:3,2
DA:4,2
DA:5,2
DA:6,2
DA:7,2
DA:8,2
DA:9,2
DA:10,2
DA:11,2
DA:12,2
DA:13,2
DA:14,2
DA:15,2
DA:16,2
DA:17,2
DA:18,2
DA:19,2
DA:20,2
DA:21,2
DA:22,2
DA:23,2
DA:24,1
DA:25,1
DA:26,1
DA:27,1
DA:28,1
DA:29,1
DA:30,1
DA:31,0
DA:32,0
DA:33,0
DA:34,0
DA:35,0
DA:36,0
DA:37,0
DA:38,0
DA:39,0
DA:40,0
DA:41,0
DA:42,1
DA:43,1
DA:44,0
DA:45,0
DA:46,0
DA:47,0
DA:48,0
DA:49,0
DA:50,0
DA:51,0
DA:52,0
DA:53,0
DA:54,0
DA:55,0
DA:56,0
DA:57,0
DA:58,0
DA:59,0
DA:60,0
DA:61,0
DA:62,0
DA:63,1
DA:64,1
DA:65,0
DA:66,0
DA:67,0
DA:68,0
DA:69,0
DA:70,0
DA:71,0
DA:72,0
DA:73,0
DA:74,0
DA:75,0
DA:76,0
DA:77,1
DA:78,1
DA:79,0
DA:80,0
DA:81,0
DA:82,0
DA:83,0
DA:84,0
DA:85,0
DA:86,0
DA:87,0
DA:88,0
DA:89,0
DA:90,0
DA:91,0
DA:92,0
DA:93,0
DA:94,0
DA:95,0
DA:96,0
DA:97,0
DA:98,0
DA:99,0
DA:100,0
DA:101,0
DA:102,0
DA:103,0
DA:104,0
DA:105,0
DA:106,0
DA:107,0
DA:108,0
DA:109,0
DA:110,0
DA:111,0
DA:112,0
DA:113,0
DA:114,0
DA:115,0
DA:116,0
DA:117,0
DA:118,0
DA:119,0
DA:120,0
DA:121,0
DA:122,0
DA:123,0
DA:124,0
DA:125,0
DA:126,0
DA:127,0
DA:128,0
DA:129,0
DA:130,0
DA:131,0
DA:132,0
DA:133,0
DA:134,0
DA:135,0
DA:136,0
LF:136
LH:36
BRDA:136,0,0,0
BRDA:1,1,0,2
BRDA:1,2,0,2
BRDA:1,3,0,2
BRDA:1,4,0,0
BRDA:1,5,0,1
BRDA:1,6,0,2
BRDA:1,7,0,1
BRDA:24,8,0,1
BRDA:25,9,0,1
BRDA:1,10,0,2
BRF:11
BRH:9
end_of_record
TN:
SF:lib\handlers\shared\repositories\index.ts
FN:1,__copyProps
FN:1,get
FN:1,__reExport
FN:1,__toCommonJS
FNF:4
FNH:4
FNDA:6,__copyProps
FNDA:1,get
FNDA:2,__reExport
FNDA:2,__toCommonJS
DA:1,1
LF:1
LH:1
BRDA:1,0,0,0
BRDA:1,1,0,6
BRDA:1,2,0,0
BRDA:1,3,0,8
BRDA:1,4,0,6
BRDA:1,5,0,6
BRDA:1,6,0,1
BRDA:1,7,0,2
BRDA:1,8,0,2
BRF:9
BRH:7
end_of_record
